{"C:\\Users\\a3519\\OneDrive\\Escritorio\\ProyectoColab\\reservas-medicas\\src\\api\\auth.ts": {"path":"C:\\Users\\a3519\\OneDrive\\Escritorio\\ProyectoColab\\reservas-medicas\\src\\api\\auth.ts","statementMap":{"0":{"start":{"line":6,"column":2},"end":{"line":19,"column":3}},"1":{"start":{"line":7,"column":21},"end":{"line":7,"column":64}},"2":{"start":{"line":9,"column":4},"end":{"line":11,"column":5}},"3":{"start":{"line":10,"column":6},"end":{"line":10,"column":58}},"4":{"start":{"line":12,"column":4},"end":{"line":14,"column":5}},"5":{"start":{"line":13,"column":6},"end":{"line":13,"column":72}},"6":{"start":{"line":16,"column":4},"end":{"line":16,"column":16}},"7":{"start":{"line":18,"column":4},"end":{"line":18,"column":63}},"8":{"start":{"line":22,"column":26},"end":{"line":29,"column":1}},"9":{"start":{"line":23,"column":2},"end":{"line":28,"column":3}},"10":{"start":{"line":24,"column":21},"end":{"line":24,"column":47}},"11":{"start":{"line":25,"column":4},"end":{"line":25,"column":16}},"12":{"start":{"line":27,"column":4},"end":{"line":27,"column":74}},"13":{"start":{"line":32,"column":2},"end":{"line":32,"column":45}},"14":{"start":{"line":33,"column":2},"end":{"line":33,"column":44}}},"fnMap":{"0":{"name":"login","decl":{"start":{"line":5,"column":22},"end":{"line":5,"column":27}},"loc":{"start":{"line":5,"column":78},"end":{"line":20,"column":1}},"line":5},"1":{"name":"(anonymous_1)","decl":{"start":{"line":22,"column":26},"end":{"line":22,"column":27}},"loc":{"start":{"line":22,"column":38},"end":{"line":29,"column":1}},"line":22},"2":{"name":"logout","decl":{"start":{"line":31,"column":22},"end":{"line":31,"column":28}},"loc":{"start":{"line":31,"column":31},"end":{"line":34,"column":1}},"line":31}},"branchMap":{"0":{"loc":{"start":{"line":9,"column":4},"end":{"line":11,"column":5}},"type":"if","locations":[{"start":{"line":9,"column":4},"end":{"line":11,"column":5}},{"start":{},"end":{}}],"line":9},"1":{"loc":{"start":{"line":12,"column":4},"end":{"line":14,"column":5}},"type":"if","locations":[{"start":{"line":12,"column":4},"end":{"line":14,"column":5}},{"start":{},"end":{}}],"line":12},"2":{"loc":{"start":{"line":18,"column":10},"end":{"line":18,"column":62}},"type":"binary-expr","locations":[{"start":{"line":18,"column":10},"end":{"line":18,"column":31}},{"start":{"line":18,"column":35},"end":{"line":18,"column":62}}],"line":18},"3":{"loc":{"start":{"line":27,"column":10},"end":{"line":27,"column":73}},"type":"binary-expr","locations":[{"start":{"line":27,"column":10},"end":{"line":27,"column":31}},{"start":{"line":27,"column":35},"end":{"line":27,"column":73}}],"line":27}},"s":{"0":2,"1":2,"2":1,"3":1,"4":1,"5":1,"6":1,"7":1,"8":1,"9":1,"10":1,"11":1,"12":0,"13":0,"14":0},"f":{"0":2,"1":1,"2":0},"b":{"0":[1,0],"1":[1,0],"2":[1,0],"3":[0,0]},"_coverageSchema":"1a1c01bbd47fc00a2c39e90264f33305004495a9","hash":"27bc577637421c5697ce6df0fdbdfb578dc89ec7"}
,"C:\\Users\\a3519\\OneDrive\\Escritorio\\ProyectoColab\\reservas-medicas\\src\\api\\http.ts": {"path":"C:\\Users\\a3519\\OneDrive\\Escritorio\\ProyectoColab\\reservas-medicas\\src\\api\\http.ts","statementMap":{"0":{"start":{"line":7,"column":19},"end":{"line":7,"column":91}},"1":{"start":{"line":8,"column":2},"end":{"line":8,"column":67}},"2":{"start":{"line":8,"column":51},"end":{"line":8,"column":67}},"3":{"start":{"line":11,"column":4},"end":{"line":13,"column":60}},"4":{"start":{"line":15,"column":2},"end":{"line":18,"column":3}},"5":{"start":{"line":16,"column":17},"end":{"line":16,"column":46}},"6":{"start":{"line":17,"column":4},"end":{"line":17,"column":33}},"7":{"start":{"line":19,"column":2},"end":{"line":19,"column":33}},"8":{"start":{"line":22,"column":35},"end":{"line":24,"column":2}},"9":{"start":{"line":26,"column":0},"end":{"line":38,"column":3}},"10":{"start":{"line":27,"column":16},"end":{"line":27,"column":55}},"11":{"start":{"line":29,"column":2},"end":{"line":36,"column":3}},"12":{"start":{"line":30,"column":4},"end":{"line":30,"column":61}},"13":{"start":{"line":30,"column":25},"end":{"line":30,"column":61}},"14":{"start":{"line":31,"column":4},"end":{"line":35,"column":5}},"15":{"start":{"line":32,"column":6},"end":{"line":32,"column":61}},"16":{"start":{"line":34,"column":6},"end":{"line":34,"column":80}},"17":{"start":{"line":37,"column":2},"end":{"line":37,"column":16}},"18":{"start":{"line":40,"column":0},"end":{"line":49,"column":2}},"19":{"start":{"line":41,"column":16},"end":{"line":41,"column":24}},"20":{"start":{"line":43,"column":4},"end":{"line":46,"column":5}},"21":{"start":{"line":44,"column":6},"end":{"line":44,"column":49}},"22":{"start":{"line":45,"column":6},"end":{"line":45,"column":48}},"23":{"start":{"line":47,"column":4},"end":{"line":47,"column":33}}},"fnMap":{"0":{"name":"resolveBaseURL","decl":{"start":{"line":6,"column":9},"end":{"line":6,"column":23}},"loc":{"start":{"line":6,"column":34},"end":{"line":20,"column":1}},"line":6},"1":{"name":"(anonymous_1)","decl":{"start":{"line":26,"column":30},"end":{"line":26,"column":31}},"loc":{"start":{"line":26,"column":48},"end":{"line":38,"column":1}},"line":26},"2":{"name":"(anonymous_2)","decl":{"start":{"line":41,"column":2},"end":{"line":41,"column":3}},"loc":{"start":{"line":41,"column":16},"end":{"line":41,"column":24}},"line":41},"3":{"name":"(anonymous_3)","decl":{"start":{"line":42,"column":2},"end":{"line":42,"column":3}},"loc":{"start":{"line":42,"column":19},"end":{"line":48,"column":3}},"line":42}},"branchMap":{"0":{"loc":{"start":{"line":8,"column":2},"end":{"line":8,"column":67}},"type":"if","locations":[{"start":{"line":8,"column":2},"end":{"line":8,"column":67}},{"start":{},"end":{}}],"line":8},"1":{"loc":{"start":{"line":8,"column":6},"end":{"line":8,"column":49}},"type":"binary-expr","locations":[{"start":{"line":8,"column":6},"end":{"line":8,"column":14}},{"start":{"line":8,"column":18},"end":{"line":8,"column":49}}],"line":8},"2":{"loc":{"start":{"line":11,"column":4},"end":{"line":13,"column":60}},"type":"binary-expr","locations":[{"start":{"line":11,"column":4},"end":{"line":11,"column":42}},{"start":{"line":12,"column":4},"end":{"line":12,"column":45}},{"start":{"line":13,"column":4},"end":{"line":13,"column":60}}],"line":11},"3":{"loc":{"start":{"line":15,"column":2},"end":{"line":18,"column":3}},"type":"if","locations":[{"start":{"line":15,"column":2},"end":{"line":18,"column":3}},{"start":{},"end":{}}],"line":15},"4":{"loc":{"start":{"line":29,"column":2},"end":{"line":36,"column":3}},"type":"if","locations":[{"start":{"line":29,"column":2},"end":{"line":36,"column":3}},{"start":{},"end":{}}],"line":29},"5":{"loc":{"start":{"line":30,"column":4},"end":{"line":30,"column":61}},"type":"if","locations":[{"start":{"line":30,"column":4},"end":{"line":30,"column":61}},{"start":{},"end":{}}],"line":30},"6":{"loc":{"start":{"line":31,"column":4},"end":{"line":35,"column":5}},"type":"if","locations":[{"start":{"line":31,"column":4},"end":{"line":35,"column":5}},{"start":{"line":33,"column":11},"end":{"line":35,"column":5}}],"line":31},"7":{"loc":{"start":{"line":43,"column":4},"end":{"line":46,"column":5}},"type":"if","locations":[{"start":{"line":43,"column":4},"end":{"line":46,"column":5}},{"start":{},"end":{}}],"line":43}},"s":{"0":3,"1":3,"2":0,"3":3,"4":3,"5":0,"6":0,"7":3,"8":3,"9":3,"10":8,"11":8,"12":2,"13":0,"14":2,"15":2,"16":0,"17":8,"18":3,"19":5,"20":3,"21":2,"22":2,"23":3},"f":{"0":3,"1":8,"2":5,"3":3},"b":{"0":[0,3],"1":[3,0],"2":[3,3,3],"3":[0,3],"4":[2,6],"5":[0,2],"6":[2,0],"7":[2,1]},"_coverageSchema":"1a1c01bbd47fc00a2c39e90264f33305004495a9","hash":"e2d15f92162b4b3bdda6a593cb82650b15a97b0a"}
,"C:\\Users\\a3519\\OneDrive\\Escritorio\\ProyectoColab\\reservas-medicas\\src\\api\\weather.ts": {"path":"C:\\Users\\a3519\\OneDrive\\Escritorio\\ProyectoColab\\reservas-medicas\\src\\api\\weather.ts","statementMap":{"0":{"start":{"line":5,"column":61},"end":{"line":7,"column":1}},"1":{"start":{"line":10,"column":2},"end":{"line":10,"column":45}},"2":{"start":{"line":10,"column":26},"end":{"line":10,"column":45}},"3":{"start":{"line":11,"column":2},"end":{"line":11,"column":62}},"4":{"start":{"line":11,"column":32},"end":{"line":11,"column":62}},"5":{"start":{"line":12,"column":2},"end":{"line":12,"column":47}},"6":{"start":{"line":12,"column":31},"end":{"line":12,"column":47}},"7":{"start":{"line":13,"column":2},"end":{"line":13,"column":61}},"8":{"start":{"line":13,"column":43},"end":{"line":13,"column":61}},"9":{"start":{"line":14,"column":2},"end":{"line":14,"column":59}},"10":{"start":{"line":14,"column":43},"end":{"line":14,"column":59}},"11":{"start":{"line":15,"column":2},"end":{"line":15,"column":54}},"12":{"start":{"line":15,"column":39},"end":{"line":15,"column":54}},"13":{"start":{"line":16,"column":2},"end":{"line":16,"column":54}},"14":{"start":{"line":16,"column":35},"end":{"line":16,"column":54}},"15":{"start":{"line":17,"column":2},"end":{"line":17,"column":59}},"16":{"start":{"line":17,"column":31},"end":{"line":17,"column":59}},"17":{"start":{"line":18,"column":2},"end":{"line":18,"column":53}},"18":{"start":{"line":18,"column":35},"end":{"line":18,"column":53}},"19":{"start":{"line":19,"column":2},"end":{"line":19,"column":33}},"20":{"start":{"line":22,"column":26},"end":{"line":75,"column":1}},"21":{"start":{"line":23,"column":2},"end":{"line":43,"column":3}},"22":{"start":{"line":25,"column":18},"end":{"line":25,"column":67}},"23":{"start":{"line":26,"column":21},"end":{"line":30,"column":6}},"24":{"start":{"line":33,"column":6},"end":{"line":34,"column":73}},"25":{"start":{"line":36,"column":4},"end":{"line":38,"column":5}},"26":{"start":{"line":37,"column":6},"end":{"line":37,"column":56}},"27":{"start":{"line":40,"column":4},"end":{"line":40,"column":65}},"28":{"start":{"line":45,"column":2},"end":{"line":74,"column":3}},"29":{"start":{"line":46,"column":18},"end":{"line":46,"column":58}},"30":{"start":{"line":47,"column":16},"end":{"line":47,"column":91}},"31":{"start":{"line":48,"column":19},"end":{"line":48,"column":52}},"32":{"start":{"line":50,"column":21},"end":{"line":58,"column":6}},"33":{"start":{"line":61,"column":6},"end":{"line":62,"column":99}},"34":{"start":{"line":64,"column":4},"end":{"line":66,"column":5}},"35":{"start":{"line":65,"column":6},"end":{"line":65,"column":66}},"36":{"start":{"line":68,"column":17},"end":{"line":68,"column":66}},"37":{"start":{"line":69,"column":17},"end":{"line":69,"column":49}},"38":{"start":{"line":71,"column":4},"end":{"line":71,"column":59}},"39":{"start":{"line":73,"column":4},"end":{"line":73,"column":16}}},"fnMap":{"0":{"name":"mapWeatherCodeToDesc","decl":{"start":{"line":9,"column":9},"end":{"line":9,"column":29}},"loc":{"start":{"line":9,"column":52},"end":{"line":20,"column":1}},"line":9},"1":{"name":"(anonymous_1)","decl":{"start":{"line":22,"column":26},"end":{"line":22,"column":27}},"loc":{"start":{"line":22,"column":58},"end":{"line":75,"column":1}},"line":22}},"branchMap":{"0":{"loc":{"start":{"line":10,"column":2},"end":{"line":10,"column":45}},"type":"if","locations":[{"start":{"line":10,"column":2},"end":{"line":10,"column":45}},{"start":{},"end":{}}],"line":10},"1":{"loc":{"start":{"line":11,"column":2},"end":{"line":11,"column":62}},"type":"if","locations":[{"start":{"line":11,"column":2},"end":{"line":11,"column":62}},{"start":{},"end":{}}],"line":11},"2":{"loc":{"start":{"line":12,"column":2},"end":{"line":12,"column":47}},"type":"if","locations":[{"start":{"line":12,"column":2},"end":{"line":12,"column":47}},{"start":{},"end":{}}],"line":12},"3":{"loc":{"start":{"line":13,"column":2},"end":{"line":13,"column":61}},"type":"if","locations":[{"start":{"line":13,"column":2},"end":{"line":13,"column":61}},{"start":{},"end":{}}],"line":13},"4":{"loc":{"start":{"line":14,"column":2},"end":{"line":14,"column":59}},"type":"if","locations":[{"start":{"line":14,"column":2},"end":{"line":14,"column":59}},{"start":{},"end":{}}],"line":14},"5":{"loc":{"start":{"line":15,"column":2},"end":{"line":15,"column":54}},"type":"if","locations":[{"start":{"line":15,"column":2},"end":{"line":15,"column":54}},{"start":{},"end":{}}],"line":15},"6":{"loc":{"start":{"line":16,"column":2},"end":{"line":16,"column":54}},"type":"if","locations":[{"start":{"line":16,"column":2},"end":{"line":16,"column":54}},{"start":{},"end":{}}],"line":16},"7":{"loc":{"start":{"line":17,"column":2},"end":{"line":17,"column":59}},"type":"if","locations":[{"start":{"line":17,"column":2},"end":{"line":17,"column":59}},{"start":{},"end":{}}],"line":17},"8":{"loc":{"start":{"line":18,"column":2},"end":{"line":18,"column":53}},"type":"if","locations":[{"start":{"line":18,"column":2},"end":{"line":18,"column":53}},{"start":{},"end":{}}],"line":18},"9":{"loc":{"start":{"line":33,"column":6},"end":{"line":34,"column":73}},"type":"binary-expr","locations":[{"start":{"line":33,"column":7},"end":{"line":33,"column":61}},{"start":{"line":34,"column":7},"end":{"line":34,"column":72}}],"line":33},"10":{"loc":{"start":{"line":33,"column":7},"end":{"line":33,"column":61}},"type":"cond-expr","locations":[{"start":{"line":33,"column":40},"end":{"line":33,"column":49}},{"start":{"line":33,"column":52},"end":{"line":33,"column":61}}],"line":33},"11":{"loc":{"start":{"line":34,"column":7},"end":{"line":34,"column":72}},"type":"cond-expr","locations":[{"start":{"line":34,"column":46},"end":{"line":34,"column":60}},{"start":{"line":34,"column":63},"end":{"line":34,"column":72}}],"line":34},"12":{"loc":{"start":{"line":36,"column":4},"end":{"line":38,"column":5}},"type":"if","locations":[{"start":{"line":36,"column":4},"end":{"line":38,"column":5}},{"start":{},"end":{}}],"line":36},"13":{"loc":{"start":{"line":48,"column":19},"end":{"line":48,"column":52}},"type":"binary-expr","locations":[{"start":{"line":48,"column":19},"end":{"line":48,"column":30}},{"start":{"line":48,"column":34},"end":{"line":48,"column":52}}],"line":48},"14":{"loc":{"start":{"line":61,"column":6},"end":{"line":62,"column":99}},"type":"binary-expr","locations":[{"start":{"line":61,"column":7},"end":{"line":61,"column":61}},{"start":{"line":62,"column":7},"end":{"line":62,"column":98}}],"line":61},"15":{"loc":{"start":{"line":61,"column":7},"end":{"line":61,"column":61}},"type":"cond-expr","locations":[{"start":{"line":61,"column":40},"end":{"line":61,"column":49}},{"start":{"line":61,"column":52},"end":{"line":61,"column":61}}],"line":61},"16":{"loc":{"start":{"line":62,"column":7},"end":{"line":62,"column":98}},"type":"cond-expr","locations":[{"start":{"line":62,"column":59},"end":{"line":62,"column":86}},{"start":{"line":62,"column":89},"end":{"line":62,"column":98}}],"line":62},"17":{"loc":{"start":{"line":64,"column":4},"end":{"line":66,"column":5}},"type":"if","locations":[{"start":{"line":64,"column":4},"end":{"line":66,"column":5}},{"start":{},"end":{}}],"line":64},"18":{"loc":{"start":{"line":69,"column":38},"end":{"line":69,"column":48}},"type":"binary-expr","locations":[{"start":{"line":69,"column":38},"end":{"line":69,"column":42}},{"start":{"line":69,"column":46},"end":{"line":69,"column":48}}],"line":69}},"s":{"0":1,"1":1,"2":0,"3":1,"4":0,"5":1,"6":0,"7":1,"8":0,"9":1,"10":0,"11":1,"12":0,"13":1,"14":0,"15":1,"16":0,"17":1,"18":0,"19":1,"20":1,"21":2,"22":2,"23":2,"24":1,"25":1,"26":1,"27":0,"28":1,"29":1,"30":1,"31":1,"32":1,"33":1,"34":1,"35":0,"36":1,"37":1,"38":1,"39":0},"f":{"0":1,"1":2},"b":{"0":[0,1],"1":[0,1],"2":[0,1],"3":[0,1],"4":[0,1],"5":[0,1],"6":[0,1],"7":[0,1],"8":[0,1],"9":[1,0],"10":[1,0],"11":[0,0],"12":[1,0],"13":[1,1],"14":[1,0],"15":[1,0],"16":[0,0],"17":[0,1],"18":[1,1]},"_coverageSchema":"1a1c01bbd47fc00a2c39e90264f33305004495a9","hash":"f8660fb3f1459daf9147229be5b8692f13611932"}
}
