TN:
SF:src\api\auth.ts
FN:5,login
FN:22,(anonymous_1)
FN:31,logout
FNF:3
FNH:2
FNDA:2,login
FNDA:1,(anonymous_1)
FNDA:0,logout
DA:6,2
DA:7,2
DA:9,1
DA:10,1
DA:12,1
DA:13,1
DA:16,1
DA:18,1
DA:22,1
DA:23,1
DA:24,1
DA:25,1
DA:27,0
DA:32,0
DA:33,0
LF:15
LH:12
BRDA:9,0,0,1
BRDA:9,0,1,0
BRDA:12,1,0,1
BRDA:12,1,1,0
BRDA:18,2,0,1
BRDA:18,2,1,0
BRDA:27,3,0,0
BRDA:27,3,1,0
BRF:8
BRH:3
end_of_record
TN:
SF:src\api\http.ts
FN:6,resolveBaseURL
FN:26,(anonymous_1)
FN:41,(anonymous_2)
FN:42,(anonymous_3)
FNF:4
FNH:4
FNDA:3,resolveBaseURL
FNDA:8,(anonymous_1)
FNDA:5,(anonymous_2)
FNDA:3,(anonymous_3)
DA:7,3
DA:8,3
DA:11,3
DA:15,3
DA:16,0
DA:17,0
DA:19,3
DA:22,3
DA:26,3
DA:27,8
DA:29,8
DA:30,2
DA:31,2
DA:32,2
DA:34,0
DA:37,8
DA:40,3
DA:41,5
DA:43,3
DA:44,2
DA:45,2
DA:47,3
LF:22
LH:19
BRDA:8,0,0,0
BRDA:8,0,1,3
BRDA:8,1,0,3
BRDA:8,1,1,0
BRDA:11,2,0,3
BRDA:11,2,1,3
BRDA:11,2,2,3
BRDA:15,3,0,0
BRDA:15,3,1,3
BRDA:29,4,0,2
BRDA:29,4,1,6
BRDA:30,5,0,0
BRDA:30,5,1,2
BRDA:31,6,0,2
BRDA:31,6,1,0
BRDA:43,7,0,2
BRDA:43,7,1,1
BRF:17
BRH:12
end_of_record
TN:
SF:src\api\weather.ts
FN:9,mapWeatherCodeToDesc
FN:22,(anonymous_1)
FNF:2
FNH:2
FNDA:1,mapWeatherCodeToDesc
FNDA:2,(anonymous_1)
DA:5,1
DA:10,1
DA:11,1
DA:12,1
DA:13,1
DA:14,1
DA:15,1
DA:16,1
DA:17,1
DA:18,1
DA:19,1
DA:22,1
DA:23,2
DA:25,2
DA:26,2
DA:33,1
DA:36,1
DA:37,1
DA:40,0
DA:45,1
DA:46,1
DA:47,1
DA:48,1
DA:50,1
DA:61,1
DA:64,1
DA:65,0
DA:68,1
DA:69,1
DA:71,1
DA:73,0
LF:31
LH:28
BRDA:10,0,0,0
BRDA:10,0,1,1
BRDA:11,1,0,0
BRDA:11,1,1,1
BRDA:12,2,0,0
BRDA:12,2,1,1
BRDA:13,3,0,0
BRDA:13,3,1,1
BRDA:14,4,0,0
BRDA:14,4,1,1
BRDA:15,5,0,0
BRDA:15,5,1,1
BRDA:16,6,0,0
BRDA:16,6,1,1
BRDA:17,7,0,0
BRDA:17,7,1,1
BRDA:18,8,0,0
BRDA:18,8,1,1
BRDA:33,9,0,1
BRDA:33,9,1,0
BRDA:33,10,0,1
BRDA:33,10,1,0
BRDA:34,11,0,0
BRDA:34,11,1,0
BRDA:36,12,0,1
BRDA:36,12,1,0
BRDA:48,13,0,1
BRDA:48,13,1,1
BRDA:61,14,0,1
BRDA:61,14,1,0
BRDA:61,15,0,1
BRDA:61,15,1,0
BRDA:62,16,0,0
BRDA:62,16,1,0
BRDA:64,17,0,0
BRDA:64,17,1,1
BRDA:69,18,0,1
BRDA:69,18,1,1
BRF:38
BRH:19
end_of_record
